2026-03-28 15:08:08.205 [main] INFO  c.a.m.l.gateway.LinksGatewayBootApp - Starting LinksGatewayBootApp using Java 1.8.0_482 on DESKTOP-82JST41 with PID 8973 (/home/luc/ontology/links/modo-links/modo-links-gateway-boot-1.1.0.jar started by luc in /home/luc/ontology/links/modo-links)
2026-03-28 15:08:08.215 [main] INFO  c.a.m.l.gateway.LinksGatewayBootApp - No active profile set, falling back to 1 default profile: "default"
2026-03-28 15:08:12.823 [main] INFO  o.h.jpa.internal.util.LogHelper - HHH000204: Processing PersistenceUnitInfo [name: default]
2026-03-28 15:08:12.902 [main] INFO  org.hibernate.Version - HHH000412: Hibernate ORM core version 5.6.15.Final
2026-03-28 15:08:13.205 [main] INFO  o.h.annotations.common.Version - HCANN000001: Hibernate Commons Annotations {5.1.2.Final}
2026-03-28 15:08:13.283 [main] INFO  com.zaxxer.hikari.HikariDataSource - HikariPool-1 - Starting...
2026-03-28 15:08:14.263 [main] INFO  com.zaxxer.hikari.HikariDataSource - HikariPool-1 - Start completed.
2026-03-28 15:08:14.275 [main] INFO  org.hibernate.dialect.Dialect - HHH000400: Using dialect: org.hibernate.dialect.MySQL5InnoDBDialect
2026-03-28 15:08:14.299 [main] INFO  o.h.e.b.internal.EnversServiceImpl - Envers integration enabled? : true
2026-03-28 15:08:16.047 [main] INFO  o.h.e.t.j.p.i.JtaPlatformInitiator - HHH000490: Using JtaPlatform implementation: [org.hibernate.engine.transaction.jta.platform.internal.NoJtaPlatform]
2026-03-28 15:08:19.246 [main] WARN  o.s.b.a.g.t.GroovyTemplateAutoConfiguration - Cannot find template location: classpath:/templates/ (please add some templates, check your Groovy configuration, or set spring.groovy.template.check-template-location=false)
2026-03-28 15:08:22.659 [main] INFO  i.g.s.s.ApiSixAdminService - 服务发现：[/links], 添加节点成功 127.0.1.1:8333
2026-03-28 15:08:22.665 [main] INFO  c.a.m.l.gateway.LinksGatewayBootApp - Started LinksGatewayBootApp in 15.055 seconds (JVM running for 15.823)
2026-03-28 15:08:22.673 [main] INFO  c.a.m.l.g.c.m.ClusterDsConfigApplicationRunner - 初始化写入集群组件配置和数据源keytab文件: --suanchou.microservice.gateway.app-secret=2bfbf9a4156599844cf49f8aa75f3f4f
2026-03-28 15:08:22.673 [main] INFO  c.a.m.l.g.c.m.ClusterDsConfigApplicationRunner - 初始化写入配置文件success.
2026-03-28 15:08:35.753 [main] INFO  c.a.m.l.gateway.LinksGatewayBootApp - Starting LinksGatewayBootApp using Java 1.8.0_482 on DESKTOP-82JST41 with PID 9450 (/home/luc/ontology/links/modo-links/modo-links-gateway-boot-1.1.0.jar started by luc in /home/luc/ontology/links/modo-links)
2026-03-28 15:08:35.756 [main] INFO  c.a.m.l.gateway.LinksGatewayBootApp - No active profile set, falling back to 1 default profile: "default"
2026-03-28 15:08:39.775 [main] INFO  o.h.jpa.internal.util.LogHelper - HHH000204: Processing PersistenceUnitInfo [name: default]
2026-03-28 15:08:39.839 [main] INFO  org.hibernate.Version - HHH000412: Hibernate ORM core version 5.6.15.Final
2026-03-28 15:08:40.110 [main] INFO  o.h.annotations.common.Version - HCANN000001: Hibernate Commons Annotations {5.1.2.Final}
2026-03-28 15:08:40.184 [main] INFO  com.zaxxer.hikari.HikariDataSource - HikariPool-1 - Starting...
2026-03-28 15:08:42.128 [main] INFO  com.zaxxer.hikari.HikariDataSource - HikariPool-1 - Start completed.
2026-03-28 15:08:42.141 [main] INFO  org.hibernate.dialect.Dialect - HHH000400: Using dialect: org.hibernate.dialect.MySQL5InnoDBDialect
2026-03-28 15:08:42.167 [main] INFO  o.h.e.b.internal.EnversServiceImpl - Envers integration enabled? : true
2026-03-28 15:08:43.775 [main] INFO  o.h.e.t.j.p.i.JtaPlatformInitiator - HHH000490: Using JtaPlatform implementation: [org.hibernate.engine.transaction.jta.platform.internal.NoJtaPlatform]
2026-03-28 15:08:46.718 [main] WARN  o.s.b.a.g.t.GroovyTemplateAutoConfiguration - Cannot find template location: classpath:/templates/ (please add some templates, check your Groovy configuration, or set spring.groovy.template.check-template-location=false)
2026-03-28 15:08:48.344 [main] WARN  o.s.b.w.s.c.AnnotationConfigServletWebServerApplicationContext - Exception encountered during context initialization - cancelling refresh attempt: org.springframework.context.ApplicationContextException: Failed to start bean 'webServerStartStop'; nested exception is org.springframework.boot.web.server.PortInUseException: Port 8333 is already in use
2026-03-28 15:08:48.351 [main] INFO  com.zaxxer.hikari.HikariDataSource - HikariPool-1 - Shutdown initiated...
2026-03-28 15:08:49.507 [main] INFO  com.zaxxer.hikari.HikariDataSource - HikariPool-1 - Shutdown completed.
2026-03-28 15:08:49.539 [main] ERROR o.s.b.d.LoggingFailureAnalysisReporter - 

***************************
APPLICATION FAILED TO START
***************************

Description:

Web server failed to start. Port 8333 was already in use.

Action:

Identify and stop the process that's listening on port 8333 or configure this application to listen on another port.

2026-03-28 15:09:05.472 [main] INFO  c.a.m.l.gateway.LinksGatewayBootApp - Starting LinksGatewayBootApp using Java 1.8.0_482 on DESKTOP-82JST41 with PID 9911 (/home/luc/ontology/links/modo-links/modo-links-gateway-boot-1.1.0.jar started by luc in /home/luc/ontology/links/modo-links)
2026-03-28 15:09:05.475 [main] INFO  c.a.m.l.gateway.LinksGatewayBootApp - No active profile set, falling back to 1 default profile: "default"
2026-03-28 15:09:09.522 [main] INFO  o.h.jpa.internal.util.LogHelper - HHH000204: Processing PersistenceUnitInfo [name: default]
2026-03-28 15:09:09.585 [main] INFO  org.hibernate.Version - HHH000412: Hibernate ORM core version 5.6.15.Final
2026-03-28 15:09:09.861 [main] INFO  o.h.annotations.common.Version - HCANN000001: Hibernate Commons Annotations {5.1.2.Final}
2026-03-28 15:09:09.939 [main] INFO  com.zaxxer.hikari.HikariDataSource - HikariPool-1 - Starting...
2026-03-28 15:09:11.003 [main] INFO  com.zaxxer.hikari.HikariDataSource - HikariPool-1 - Start completed.
2026-03-28 15:09:11.017 [main] INFO  org.hibernate.dialect.Dialect - HHH000400: Using dialect: org.hibernate.dialect.MySQL5InnoDBDialect
2026-03-28 15:09:11.046 [main] INFO  o.h.e.b.internal.EnversServiceImpl - Envers integration enabled? : true
2026-03-28 15:09:12.822 [main] INFO  o.h.e.t.j.p.i.JtaPlatformInitiator - HHH000490: Using JtaPlatform implementation: [org.hibernate.engine.transaction.jta.platform.internal.NoJtaPlatform]
2026-03-28 15:09:15.758 [main] WARN  o.s.b.a.g.t.GroovyTemplateAutoConfiguration - Cannot find template location: classpath:/templates/ (please add some templates, check your Groovy configuration, or set spring.groovy.template.check-template-location=false)
2026-03-28 15:09:17.568 [main] WARN  o.s.b.w.s.c.AnnotationConfigServletWebServerApplicationContext - Exception encountered during context initialization - cancelling refresh attempt: org.springframework.context.ApplicationContextException: Failed to start bean 'webServerStartStop'; nested exception is org.springframework.boot.web.server.PortInUseException: Port 8333 is already in use
2026-03-28 15:09:17.574 [main] INFO  com.zaxxer.hikari.HikariDataSource - HikariPool-1 - Shutdown initiated...
2026-03-28 15:09:19.716 [main] INFO  com.zaxxer.hikari.HikariDataSource - HikariPool-1 - Shutdown completed.
2026-03-28 15:09:19.747 [main] ERROR o.s.b.d.LoggingFailureAnalysisReporter - 

***************************
APPLICATION FAILED TO START
***************************

Description:

Web server failed to start. Port 8333 was already in use.

Action:

Identify and stop the process that's listening on port 8333 or configure this application to listen on another port.

